<?xml version="1.0" encoding="UTF-8"?>
<!-- Generated by org.testng.reporters.JUnitReportReporter -->
<testsuite hostname="LAPTOP-2Q5AHFQA" failures="0" tests="1" name="com.saucedemo.Testpack.Logouttestcaseclass" time="6.431" errors="0" timestamp="2023-05-27T18:59:09 IST" skipped="0">
  <testcase classname="com.saucedemo.Testpack.Logouttestcaseclass" name="verifyLogouttestcasefunctionality" time="6.431"/>
  <system-out/>
</testsuite> <!-- com.saucedemo.Testpack.Logouttestcaseclass -->
