<?xml version="1.0" encoding="UTF-8"?>
<!-- Generated by org.testng.reporters.JUnitReportReporter -->
<testsuite hostname="LAPTOP-2Q5AHFQA" failures="0" tests="1" name="com.saucedemo.Testpack.Testnganootaions" time="3.841" errors="0" timestamp="2023-05-28T10:42:35 IST" skipped="0">
  <testcase classname="com.saucedemo.Testpack.Testnganootaions" name="verifyaddtocartfunctionality" time="3.841"/>
  <system-out/>
</testsuite> <!-- com.saucedemo.Testpack.Testnganootaions -->
